[09/03/2026  9:59:14,30] starting job_poller 
[OK] Worker iniciado [DESKTOP-PPSTUGJ] modo=executions intervalo=15s
⠙ Polling n8n (executions)... ---------------------------------------- 0:00:00
[ERROR] No se pudo conectar con n8n: <urlopen error [WinError 10013] Intento de acceso a un socket no permitido por sus permisos de acceso>
[09/03/2026 10:07:11,72] starting job_poller 
[OK] Worker iniciado [DESKTOP-PPSTUGJ] modo=executions intervalo=15s
⠋ Polling n8n (executions)... ---------------------------------------- 0:00:02
[OK] Job recibido: exec_86624 -> run_full_cycle
⠸ Ejecutando run_full_cycle... ---------------------------------------- 0:07:18
[WARN] Job termino con estado: error
⠋ Polling n8n (executions)... ---------------------------------------- 0:00:02
[OK] Job recibido: exec_86713 -> run_full_cycle
⠼ Ejecutando run_full_cycle... ---------------------------------------- 0:02:22
[WARN] Job termino con estado: error
⠴ Polling n8n (executions)... ---------------------------------------- 0:00:01
[INFO] Sin jobs pendientes. Esperando...
⠼ Polling n8n (executions)... ---------------------------------------- 0:00:01
[INFO] Sin jobs pendientes. Esperando...
⠼ Polling n8n (executions)... ---------------------------------------- 0:00:01
[INFO] Sin jobs pendientes. Esperando...
⠼ Polling n8n (executions)... ---------------------------------------- 0:00:01
[INFO] Sin jobs pendientes. Esperando...
⠦ Polling n8n (executions)... ---------------------------------------- 0:00:01
[INFO] Sin jobs pendientes. Esperando...
⠦ Polling n8n (executions)... ---------------------------------------- 0:00:03
[OK] Job recibido: exec_86735 -> run_full_cycle
⠹ Ejecutando run_full_cycle... ---------------------------------------- 0:05:36
[WARN] Job termino con estado: error
⠋ Polling n8n (executions)... ---------------------------------------- 0:00:02
[OK] Job recibido: exec_86748 -> run_full_cycle
⠼ Ejecutando run_full_cycle... ---------------------------------------- 0:05:25
[OK] Job completado: exec_86748
⠋ Polling n8n (executions)... ---------------------------------------- 0:00:02
[OK] Job recibido: exec_86763 -> run_full_cycle
⠦ Ejecutando run_full_cycle... ---------------------------------------- 0:01:13
[WARN] Job termino con estado: error
⠋ Polling n8n (executions)... ---------------------------------------- 0:00:02
[OK] Job recibido: exec_86814 -> run_full_cycle
⠹ Ejecutando run_full_cycle... ---------------------------------------- 0:03:50
[OK] Job completado: exec_86814
⠼ Polling n8n (executions)... ---------------------------------------- 0:00:01
[INFO] Sin jobs pendientes. Esperando...
⠼ Polling n8n (executions)... ---------------------------------------- 0:00:01
[INFO] Sin jobs pendientes. Esperando...
⠼ Polling n8n (executions)... ---------------------------------------- 0:00:01
[INFO] Sin jobs pendientes. Esperando...
⠼ Polling n8n (executions)... ---------------------------------------- 0:00:01
[INFO] Sin jobs pendientes. Esperando...
⠼ Polling n8n (executions)... ---------------------------------------- 0:00:01
[INFO] Sin jobs pendientes. Esperando...
⠴ Polling n8n (executions)... ---------------------------------------- 0:00:01
[INFO] Sin jobs pendientes. Esperando...
⠴ Polling n8n (executions)... ---------------------------------------- 0:00:01
[INFO] Sin jobs pendientes. Esperando...
⠴ Polling n8n (executions)... ---------------------------------------- 0:00:01
[INFO] Sin jobs pendientes. Esperando...
⠼ Polling n8n (executions)... ---------------------------------------- 0:00:01
[INFO] Sin jobs pendientes. Esperando...
⠸ Polling n8n (executions)... ---------------------------------------- 0:00:01
[INFO] Sin jobs pendientes. Esperando...
⠦ Polling n8n (executions)... ---------------------------------------- 0:00:01
[INFO] Sin jobs pendientes. Esperando...
⠼ Polling n8n (executions)... ---------------------------------------- 0:00:01
[INFO] Sin jobs pendientes. Esperando...
⠏ Polling n8n (executions)... ---------------------------------------- 0:00:01
[INFO] Sin jobs pendientes. Esperando...
⠹ Polling n8n (executions)... ---------------------------------------- 0:00:01
[INFO] Sin jobs pendientes. Esperando...
⠴ Polling n8n (executions)... ---------------------------------------- 0:00:01
[INFO] Sin jobs pendientes. Esperando...
⠼ Polling n8n (executions)... ---------------------------------------- 0:00:01
[INFO] Sin jobs pendientes. Esperando...
[09/03/2026 10:40:14,96] job_poller exited with code -1 
[09/03/2026 13:20:15,12] starting job_poller 
[OK] Worker iniciado [DESKTOP-PPSTUGJ] modo=executions intervalo=15s
⠇ Polling n8n (executions)... ---------------------------------------- 0:00:01
[INFO] Sin jobs pendientes. Esperando...
⠴ Polling n8n (executions)... ---------------------------------------- 0:00:02
[OK] Job recibido: exec_87513 -> run_full_cycle
⠇ Ejecutando run_full_cycle... ---------------------------------------- 0:21:30
[OK] Job completado: exec_87513
⠦ Polling n8n (executions)... ---------------------------------------- 0:00:01
[INFO] Sin jobs pendientes. Esperando...
⠼ Polling n8n (executions)... ---------------------------------------- 0:00:01
[INFO] Sin jobs pendientes. Esperando...
⠴ Polling n8n (executions)... ---------------------------------------- 0:00:01
[INFO] Sin jobs pendientes. Esperando...
⠦ Polling n8n (executions)... ---------------------------------------- 0:00:01
[INFO] Sin jobs pendientes. Esperando...
⠸ Polling n8n (executions)... ---------------------------------------- 0:00:01
[INFO] Sin jobs pendientes. Esperando...
⠸ Polling n8n (executions)... ---------------------------------------- 0:00:01
[INFO] Sin jobs pendientes. Esperando...
⠙ Polling n8n (executions)... ---------------------------------------- 0:00:00
[INFO] Sin jobs pendientes. Esperando...
⠴ Polling n8n (executions)... ---------------------------------------- 0:00:01
[INFO] Sin jobs pendientes. Esperando...
⠸ Polling n8n (executions)... ---------------------------------------- 0:00:01
[INFO] Sin jobs pendientes. Esperando...
⠸ Polling n8n (executions)... ---------------------------------------- 0:00:01
[INFO] Sin jobs pendientes. Esperando...
⠧ Polling n8n (executions)... ---------------------------------------- 0:00:01
[INFO] Sin jobs pendientes. Esperando...
⠸ Polling n8n (executions)... ---------------------------------------- 0:00:01
[INFO] Sin jobs pendientes. Esperando...
⠸ Polling n8n (executions)... ---------------------------------------- 0:00:01
[INFO] Sin jobs pendientes. Esperando...
⠹ Polling n8n (executions)... ---------------------------------------- 0:00:00
[INFO] Sin jobs pendientes. Esperando...
⠸ Polling n8n (executions)... ---------------------------------------- 0:00:01
[INFO] Sin jobs pendientes. Esperando...
⠹ Polling n8n (executions)... ---------------------------------------- 0:00:00
[INFO] Sin jobs pendientes. Esperando...
⠼ Polling n8n (executions)... ---------------------------------------- 0:00:01
[INFO] Sin jobs pendientes. Esperando...
⠴ Polling n8n (executions)... ---------------------------------------- 0:00:01
[INFO] Sin jobs pendientes. Esperando...
⠼ Polling n8n (executions)... ---------------------------------------- 0:00:01
[INFO] Sin jobs pendientes. Esperando...
⠼ Polling n8n (executions)... ---------------------------------------- 0:00:01
[INFO] Sin jobs pendientes. Esperando...
⠴ Polling n8n (executions)... ---------------------------------------- 0:00:01
[INFO] Sin jobs pendientes. Esperando...
⠼ Polling n8n (executions)... ---------------------------------------- 0:00:01
[INFO] Sin jobs pendientes. Esperando...
⠴ Polling n8n (executions)... ---------------------------------------- 0:00:01
[INFO] Sin jobs pendientes. Esperando...
⠴ Polling n8n (executions)... ---------------------------------------- 0:00:01
[INFO] Sin jobs pendientes. Esperando...
⠸ Polling n8n (executions)... ---------------------------------------- 0:00:01
[INFO] Sin jobs pendientes. Esperando...
⠧ Polling n8n (executions)... ---------------------------------------- 0:00:01
[INFO] Sin jobs pendientes. Esperando...
⠼ Polling n8n (executions)... ---------------------------------------- 0:00:01
[INFO] Sin jobs pendientes. Esperando...
⠏ Polling n8n (executions)... ---------------------------------------- 0:00:02
[OK] Job recibido: exec_87641 -> run_full_cycle
⠼ Ejecutando run_full_cycle... ---------------------------------------- 0:19:13
[OK] Job completado: exec_87641
⠸ Polling n8n (executions)... ---------------------------------------- 0:00:03
[OK] Job recibido: exec_87734 -> run_full_cycle
⠋ Ejecutando run_full_cycle... ---------------------------------------- 0:09:32
[OK] Job completado: exec_87734
⠋ Polling n8n (executions)... ---------------------------------------- 0:00:02
[OK] Job recibido: exec_87801 -> run_full_cycle
⠴ Ejecutando run_full_cycle... ---------------------------------------- 0:08:29
[OK] Job completado: exec_87801
⠏ Polling n8n (executions)... ---------------------------------------- 0:00:01
[INFO] Sin jobs pendientes. Esperando...
⠇ Polling n8n (executions)... ---------------------------------------- 0:00:02
[OK] Job recibido: exec_87849 -> run_full_cycle
⠴ Ejecutando run_full_cycle... ---------------------------------------- 0:04:18
[OK] Job completado: exec_87849
⠼ Polling n8n (executions)... ---------------------------------------- 0:00:01
[INFO] Sin jobs pendientes. Esperando...
⠼ Polling n8n (executions)... ---------------------------------------- 0:00:01
[INFO] Sin jobs pendientes. Esperando...
⠼ Polling n8n (executions)... ---------------------------------------- 0:00:01
[INFO] Sin jobs pendientes. Esperando...
⠼ Polling n8n (executions)... ---------------------------------------- 0:00:01
[INFO] Sin jobs pendientes. Esperando...
⠙ Polling n8n (executions)... ---------------------------------------- 0:00:00
[INFO] Sin jobs pendientes. Esperando...
⠸ Polling n8n (executions)... ---------------------------------------- 0:00:01
[INFO] Sin jobs pendientes. Esperando...
⠼ Polling n8n (executions)... ---------------------------------------- 0:00:01
[INFO] Sin jobs pendientes. Esperando...
⠹ Polling n8n (executions)... ---------------------------------------- 0:00:01
[INFO] Sin jobs pendientes. Esperando...
⠹ Polling n8n (executions)... ---------------------------------------- 0:00:01
[INFO] Sin jobs pendientes. Esperando...
⠸ Polling n8n (executions)... ---------------------------------------- 0:00:01
[INFO] Sin jobs pendientes. Esperando...
⠦ Polling n8n (executions)... ---------------------------------------- 0:00:02
[OK] Job recibido: exec_87880 -> run_full_cycle
⠴ Ejecutando run_full_cycle... ---------------------------------------- 0:03:02
[OK] Job completado: exec_87880
⠼ Polling n8n (executions)... ---------------------------------------- 0:00:01
[INFO] Sin jobs pendientes. Esperando...
⠧ Polling n8n (executions)... ---------------------------------------- 0:00:01
[INFO] Sin jobs pendientes. Esperando...
⠹ Polling n8n (executions)... ---------------------------------------- 0:00:01
[INFO] Sin jobs pendientes. Esperando...
⠸ Polling n8n (executions)... ---------------------------------------- 0:00:01
[INFO] Sin jobs pendientes. Esperando...
⠴ Polling n8n (executions)... ---------------------------------------- 0:00:01
[INFO] Sin jobs pendientes. Esperando...
⠼ Polling n8n (executions)... ---------------------------------------- 0:00:01
[INFO] Sin jobs pendientes. Esperando...
⠋ Polling n8n (executions)... ---------------------------------------- 0:00:01
[INFO] Sin jobs pendientes. Esperando...
⠼ Polling n8n (executions)... ---------------------------------------- 0:00:01
[INFO] Sin jobs pendientes. Esperando...
⠼ Polling n8n (executions)... ---------------------------------------- 0:00:01
[INFO] Sin jobs pendientes. Esperando...
⠼ Polling n8n (executions)... ---------------------------------------- 0:00:01
[INFO] Sin jobs pendientes. Esperando...
⠹ Polling n8n (executions)... ---------------------------------------- 0:00:01
[INFO] Sin jobs pendientes. Esperando...
⠼ Polling n8n (executions)... ---------------------------------------- 0:00:01
[INFO] Sin jobs pendientes. Esperando...
⠼ Polling n8n (executions)... ---------------------------------------- 0:00:01
[INFO] Sin jobs pendientes. Esperando...
⠸ Polling n8n (executions)... ---------------------------------------- 0:00:01
[INFO] Sin jobs pendientes. Esperando...
⠼ Polling n8n (executions)... ---------------------------------------- 0:00:01
[INFO] Sin jobs pendientes. Esperando...
⠴ Polling n8n (executions)... ---------------------------------------- 0:00:01
[INFO] Sin jobs pendientes. Esperando...
⠦ Polling n8n (executions)... ---------------------------------------- 0:00:01
[INFO] Sin jobs pendientes. Esperando...
⠸ Polling n8n (executions)... ---------------------------------------- 0:00:01
[OK] Job recibido: exec_87913 -> run_full_cycle
⠦ Ejecutando run_full_cycle... ---------------------------------------- 0:03:50
[OK] Job completado: exec_87913
⠼ Polling n8n (executions)... ---------------------------------------- 0:00:01
[INFO] Sin jobs pendientes. Esperando...
⠹ Polling n8n (executions)... ---------------------------------------- 0:00:00
[INFO] Sin jobs pendientes. Esperando...
⠸ Polling n8n (executions)... ---------------------------------------- 0:00:01
[INFO] Sin jobs pendientes. Esperando...
⠴ Polling n8n (executions)... ---------------------------------------- 0:00:01
[INFO] Sin jobs pendientes. Esperando...
⠦ Polling n8n (executions)... ---------------------------------------- 0:00:01
[INFO] Sin jobs pendientes. Esperando...
⠹ Polling n8n (executions)... ---------------------------------------- 0:00:01
[INFO] Sin jobs pendientes. Esperando...
⠼ Polling n8n (executions)... ---------------------------------------- 0:00:01
[INFO] Sin jobs pendientes. Esperando...
⠴ Polling n8n (executions)... ---------------------------------------- 0:00:01
[INFO] Sin jobs pendientes. Esperando...
⠸ Polling n8n (executions)... ---------------------------------------- 0:00:01
[INFO] Sin jobs pendientes. Esperando...
⠸ Polling n8n (executions)... ---------------------------------------- 0:00:01
[INFO] Sin jobs pendientes. Esperando...
⠼ Polling n8n (executions)... ---------------------------------------- 0:00:01
[INFO] Sin jobs pendientes. Esperando...
⠙ Polling n8n (executions)... ---------------------------------------- 0:00:00
[INFO] Sin jobs pendientes. Esperando...
⠹ Polling n8n (executions)... ---------------------------------------- 0:00:01
[INFO] Sin jobs pendientes. Esperando...
⠧ Polling n8n (executions)... ---------------------------------------- 0:00:01
[INFO] Sin jobs pendientes. Esperando...
⠹ Polling n8n (executions)... ---------------------------------------- 0:00:00
[INFO] Sin jobs pendientes. Esperando...
⠴ Polling n8n (executions)... ---------------------------------------- 0:00:01
[INFO] Sin jobs pendientes. Esperando...
⠹ Polling n8n (executions)... ---------------------------------------- 0:00:01
[INFO] Sin jobs pendientes. Esperando...
⠼ Polling n8n (executions)... ---------------------------------------- 0:00:01
[INFO] Sin jobs pendientes. Esperando...
⠴ Polling n8n (executions)... ---------------------------------------- 0:00:01
[INFO] Sin jobs pendientes. Esperando...
⠸ Polling n8n (executions)... ---------------------------------------- 0:00:01
[INFO] Sin jobs pendientes. Esperando...
⠸ Polling n8n (executions)... ---------------------------------------- 0:00:01
[INFO] Sin jobs pendientes. Esperando...
⠹ Polling n8n (executions)... ---------------------------------------- 0:00:01
[INFO] Sin jobs pendientes. Esperando...
⠸ Polling n8n (executions)... ---------------------------------------- 0:00:01
[INFO] Sin jobs pendientes. Esperando...
⠦ Polling n8n (executions)... ---------------------------------------- 0:00:01
[INFO] Sin jobs pendientes. Esperando...
⠼ Polling n8n (executions)... ---------------------------------------- 0:00:01
[INFO] Sin jobs pendientes. Esperando...
⠼ Polling n8n (executions)... ---------------------------------------- 0:00:01
[INFO] Sin jobs pendientes. Esperando...
⠴ Polling n8n (executions)... ---------------------------------------- 0:00:01
[INFO] Sin jobs pendientes. Esperando...
⠸ Polling n8n (executions)... ---------------------------------------- 0:00:01
[INFO] Sin jobs pendientes. Esperando...
⠙ Polling n8n (executions)... ---------------------------------------- 0:00:00
[INFO] Sin jobs pendientes. Esperando...
⠹ Polling n8n (executions)... ---------------------------------------- 0:00:00
[INFO] Sin jobs pendientes. Esperando...
⠹ Polling n8n (executions)... ---------------------------------------- 0:00:01
[INFO] Sin jobs pendientes. Esperando...
⠸ Polling n8n (executions)... ---------------------------------------- 0:00:01
[INFO] Sin jobs pendientes. Esperando...
⠸ Polling n8n (executions)... ---------------------------------------- 0:00:01
[INFO] Sin jobs pendientes. Esperando...
⠧ Polling n8n (executions)... ---------------------------------------- 0:00:01
[INFO] Sin jobs pendientes. Esperando...
⠹ Polling n8n (executions)... ---------------------------------------- 0:00:01
[INFO] Sin jobs pendientes. Esperando...
⠴ Polling n8n (executions)... ---------------------------------------- 0:00:01
[INFO] Sin jobs pendientes. Esperando...
⠦ Polling n8n (executions)... ---------------------------------------- 0:00:01
[INFO] Sin jobs pendientes. Esperando...
⠹ Polling n8n (executions)... ---------------------------------------- 0:00:01
[INFO] Sin jobs pendientes. Esperando...
⠼ Polling n8n (executions)... ---------------------------------------- 0:00:01
[INFO] Sin jobs pendientes. Esperando...
⠴ Polling n8n (executions)... ---------------------------------------- 0:00:01
[INFO] Sin jobs pendientes. Esperando...
⠦ Polling n8n (executions)... ---------------------------------------- 0:00:01
[INFO] Sin jobs pendientes. Esperando...
⠧ Polling n8n (executions)... ---------------------------------------- 0:00:01
[INFO] Sin jobs pendientes. Esperando...
⠹ Polling n8n (executions)... ---------------------------------------- 0:00:01
[INFO] Sin jobs pendientes. Esperando...
⠸ Polling n8n (executions)... ---------------------------------------- 0:00:01
[INFO] Sin jobs pendientes. Esperando...
⠸ Polling n8n (executions)... ---------------------------------------- 0:00:01
[INFO] Sin jobs pendientes. Esperando...
⠙ Polling n8n (executions)... ---------------------------------------- 0:00:00
[INFO] Sin jobs pendientes. Esperando...
⠼ Polling n8n (executions)... ---------------------------------------- 0:00:01
[INFO] Sin jobs pendientes. Esperando...
⠹ Polling n8n (executions)... ---------------------------------------- 0:00:00
[INFO] Sin jobs pendientes. Esperando...
⠙ Polling n8n (executions)... ---------------------------------------- 0:00:00
[INFO] Sin jobs pendientes. Esperando...
⠸ Polling n8n (executions)... ---------------------------------------- 0:00:01
[INFO] Sin jobs pendientes. Esperando...
⠴ Polling n8n (executions)... ---------------------------------------- 0:00:01
[INFO] Sin jobs pendientes. Esperando...
⠴ Polling n8n (executions)... ---------------------------------------- 0:00:01
[INFO] Sin jobs pendientes. Esperando...
⠸ Polling n8n (executions)... ---------------------------------------- 0:00:01
[INFO] Sin jobs pendientes. Esperando...
⠸ Polling n8n (executions)... ---------------------------------------- 0:00:01
[INFO] Sin jobs pendientes. Esperando...
⠸ Polling n8n (executions)... ---------------------------------------- 0:00:01
[INFO] Sin jobs pendientes. Esperando...
⠼ Polling n8n (executions)... ---------------------------------------- 0:00:01
[INFO] Sin jobs pendientes. Esperando...
⠹ Polling n8n (executions)... ---------------------------------------- 0:00:00
[INFO] Sin jobs pendientes. Esperando...
⠼ Polling n8n (executions)... ---------------------------------------- 0:00:01
[INFO] Sin jobs pendientes. Esperando...
⠼ Polling n8n (executions)... ---------------------------------------- 0:00:01
[INFO] Sin jobs pendientes. Esperando...
⠹ Polling n8n (executions)... ---------------------------------------- 0:00:01
[INFO] Sin jobs pendientes. Esperando...
⠸ Polling n8n (executions)... ---------------------------------------- 0:00:01
[INFO] Sin jobs pendientes. Esperando...
⠴ Polling n8n (executions)... ---------------------------------------- 0:00:01
[INFO] Sin jobs pendientes. Esperando...
⠼ Polling n8n (executions)... ---------------------------------------- 0:00:01
[INFO] Sin jobs pendientes. Esperando...
⠸ Polling n8n (executions)... ---------------------------------------- 0:00:01
[INFO] Sin jobs pendientes. Esperando...
⠸ Polling n8n (executions)... ---------------------------------------- 0:00:01
[INFO] Sin jobs pendientes. Esperando...
⠧ Polling n8n (executions)... ---------------------------------------- 0:00:01
[INFO] Sin jobs pendientes. Esperando...
⠸ Polling n8n (executions)... ---------------------------------------- 0:00:01
[INFO] Sin jobs pendientes. Esperando...
⠹ Polling n8n (executions)... ---------------------------------------- 0:00:00
[INFO] Sin jobs pendientes. Esperando...
⠙ Polling n8n (executions)... ---------------------------------------- 0:00:00
[INFO] Sin jobs pendientes. Esperando...
⠧ Polling n8n (executions)... ---------------------------------------- 0:00:02
[INFO] Sin jobs pendientes. Esperando...
⠹ Polling n8n (executions)... ---------------------------------------- 0:00:01
[INFO] Sin jobs pendientes. Esperando...
⠸ Polling n8n (executions)... ---------------------------------------- 0:00:01
[INFO] Sin jobs pendientes. Esperando...
⠸ Polling n8n (executions)... ---------------------------------------- 0:00:01
[INFO] Sin jobs pendientes. Esperando...
⠼ Polling n8n (executions)... ---------------------------------------- 0:00:01
[INFO] Sin jobs pendientes. Esperando...
⠸ Polling n8n (executions)... ---------------------------------------- 0:00:01
[INFO] Sin jobs pendientes. Esperando...
⠼ Polling n8n (executions)... ---------------------------------------- 0:00:01
[INFO] Sin jobs pendientes. Esperando...
⠼ Polling n8n (executions)... ---------------------------------------- 0:00:01
[INFO] Sin jobs pendientes. Esperando...
⠸ Polling n8n (executions)... ---------------------------------------- 0:00:01
[INFO] Sin jobs pendientes. Esperando...
⠹ Polling n8n (executions)... ---------------------------------------- 0:00:00
[INFO] Sin jobs pendientes. Esperando...
⠼ Polling n8n (executions)... ---------------------------------------- 0:00:01
[INFO] Sin jobs pendientes. Esperando...
⠧ Polling n8n (executions)... ---------------------------------------- 0:00:01
[INFO] Sin jobs pendientes. Esperando...
⠼ Polling n8n (executions)... ---------------------------------------- 0:00:01
[INFO] Sin jobs pendientes. Esperando...
⠹ Polling n8n (executions)... ---------------------------------------- 0:00:01
[INFO] Sin jobs pendientes. Esperando...
⠙ Polling n8n (executions)... ---------------------------------------- 0:00:00
[INFO] Sin jobs pendientes. Esperando...
⠸ Polling n8n (executions)... ---------------------------------------- 0:00:01
[INFO] Sin jobs pendientes. Esperando...
⠹ Polling n8n (executions)... ---------------------------------------- 0:00:01
[INFO] Sin jobs pendientes. Esperando...
⠸ Polling n8n (executions)... ---------------------------------------- 0:00:01
[INFO] Sin jobs pendientes. Esperando...
⠹ Polling n8n (executions)... ---------------------------------------- 0:00:01
[INFO] Sin jobs pendientes. Esperando...
⠴ Polling n8n (executions)... ---------------------------------------- 0:00:01
[INFO] Sin jobs pendientes. Esperando...
⠴ Polling n8n (executions)... ---------------------------------------- 0:00:01
[INFO] Sin jobs pendientes. Esperando...
⠸ Polling n8n (executions)... ---------------------------------------- 0:00:01
[INFO] Sin jobs pendientes. Esperando...
⠧ Polling n8n (executions)... ---------------------------------------- 0:00:01
[INFO] Sin jobs pendientes. Esperando...
⠸ Polling n8n (executions)... ---------------------------------------- 0:00:01
[INFO] Sin jobs pendientes. Esperando...
⠼ Polling n8n (executions)... ---------------------------------------- 0:00:01
[INFO] Sin jobs pendientes. Esperando...
⠴ Polling n8n (executions)... ---------------------------------------- 0:00:01
[INFO] Sin jobs pendientes. Esperando...
⠧ Polling n8n (executions)... ---------------------------------------- 0:00:01
[INFO] Sin jobs pendientes. Esperando...
⠴ Polling n8n (executions)... ---------------------------------------- 0:00:01
[INFO] Sin jobs pendientes. Esperando...
⠹ Polling n8n (executions)... ---------------------------------------- 0:00:00
[INFO] Sin jobs pendientes. Esperando...
⠼ Polling n8n (executions)... ---------------------------------------- 0:00:01
[INFO] Sin jobs pendientes. Esperando...
⠧ Polling n8n (executions)... ---------------------------------------- 0:00:01
[INFO] Sin jobs pendientes. Esperando...
⠹ Polling n8n (executions)... ---------------------------------------- 0:00:01
[INFO] Sin jobs pendientes. Esperando...
⠼ Polling n8n (executions)... ---------------------------------------- 0:00:01
[INFO] Sin jobs pendientes. Esperando...
⠼ Polling n8n (executions)... ---------------------------------------- 0:00:01
[INFO] Sin jobs pendientes. Esperando...
⠹ Polling n8n (executions)... ---------------------------------------- 0:00:00
[INFO] Sin jobs pendientes. Esperando...
⠼ Polling n8n (executions)... ---------------------------------------- 0:00:01
[INFO] Sin jobs pendientes. Esperando...
⠸ Polling n8n (executions)... ---------------------------------------- 0:00:01
[INFO] Sin jobs pendientes. Esperando...
⠧ Polling n8n (executions)... ---------------------------------------- 0:00:01
[INFO] Sin jobs pendientes. Esperando...
⠸ Polling n8n (executions)... ---------------------------------------- 0:00:01
[INFO] Sin jobs pendientes. Esperando...
⠙ Polling n8n (executions)... ---------------------------------------- 0:00:00
[INFO] Sin jobs pendientes. Esperando...
⠴ Polling n8n (executions)... ---------------------------------------- 0:00:01
[INFO] Sin jobs pendientes. Esperando...
⠴ Polling n8n (executions)... ---------------------------------------- 0:00:01
[INFO] Sin jobs pendientes. Esperando...
⠼ Polling n8n (executions)... ---------------------------------------- 0:00:01
[INFO] Sin jobs pendientes. Esperando...
⠸ Polling n8n (executions)... ---------------------------------------- 0:00:01
[INFO] Sin jobs pendientes. Esperando...
⠼ Polling n8n (executions)... ---------------------------------------- 0:00:01
[INFO] Sin jobs pendientes. Esperando...
⠼ Polling n8n (executions)... ---------------------------------------- 0:00:01
[INFO] Sin jobs pendientes. Esperando...
⠧ Polling n8n (executions)... ---------------------------------------- 0:00:01
[INFO] Sin jobs pendientes. Esperando...
⠴ Polling n8n (executions)... ---------------------------------------- 0:00:01
[INFO] Sin jobs pendientes. Esperando...
⠹ Polling n8n (executions)... ---------------------------------------- 0:00:00
[INFO] Sin jobs pendientes. Esperando...
⠴ Polling n8n (executions)... ---------------------------------------- 0:00:01
[INFO] Sin jobs pendientes. Esperando...
⠼ Polling n8n (executions)... ---------------------------------------- 0:00:01
[INFO] Sin jobs pendientes. Esperando...
⠴ Polling n8n (executions)... ---------------------------------------- 0:00:01
[INFO] Sin jobs pendientes. Esperando...
⠸ Polling n8n (executions)... ---------------------------------------- 0:00:01
[INFO] Sin jobs pendientes. Esperando...
⠼ Polling n8n (executions)... ---------------------------------------- 0:00:01
[INFO] Sin jobs pendientes. Esperando...
⠹ Polling n8n (executions)... ---------------------------------------- 0:00:01
[INFO] Sin jobs pendientes. Esperando...
⠼ Polling n8n (executions)... ---------------------------------------- 0:00:01
[INFO] Sin jobs pendientes. Esperando...
⠹ Polling n8n (executions)... ---------------------------------------- 0:00:00
[INFO] Sin jobs pendientes. Esperando...
⠴ Polling n8n (executions)... ---------------------------------------- 0:00:01
[INFO] Sin jobs pendientes. Esperando...
⠸ Polling n8n (executions)... ---------------------------------------- 0:00:01
[INFO] Sin jobs pendientes. Esperando...
⠸ Polling n8n (executions)... ---------------------------------------- 0:00:01
[INFO] Sin jobs pendientes. Esperando...
⠴ Polling n8n (executions)... ---------------------------------------- 0:00:01
[INFO] Sin jobs pendientes. Esperando...
⠴ Polling n8n (executions)... ---------------------------------------- 0:00:01
[INFO] Sin jobs pendientes. Esperando...
⠹ Polling n8n (executions)... ---------------------------------------- 0:00:01
[INFO] Sin jobs pendientes. Esperando...
⠸ Polling n8n (executions)... ---------------------------------------- 0:00:01
[INFO] Sin jobs pendientes. Esperando...
⠼ Polling n8n (executions)... ---------------------------------------- 0:00:01
[INFO] Sin jobs pendientes. Esperando...
⠸ Polling n8n (executions)... ---------------------------------------- 0:00:01
[INFO] Sin jobs pendientes. Esperando...
⠹ Polling n8n (executions)... ---------------------------------------- 0:00:00
[INFO] Sin jobs pendientes. Esperando...
⠇ Polling n8n (executions)... ---------------------------------------- 0:00:01
[INFO] Sin jobs pendientes. Esperando...
⠧ Polling n8n (executions)... ---------------------------------------- 0:00:01
[INFO] Sin jobs pendientes. Esperando...
⠹ Polling n8n (executions)... ---------------------------------------- 0:00:01
[INFO] Sin jobs pendientes. Esperando...
⠼ Polling n8n (executions)... ---------------------------------------- 0:00:01
[INFO] Sin jobs pendientes. Esperando...
⠦ Polling n8n (executions)... ---------------------------------------- 0:00:01
[INFO] Sin jobs pendientes. Esperando...
⠸ Polling n8n (executions)... ---------------------------------------- 0:00:01
[INFO] Sin jobs pendientes. Esperando...
⠼ Polling n8n (executions)... ---------------------------------------- 0:00:01
[INFO] Sin jobs pendientes. Esperando...
⠼ Polling n8n (executions)... ---------------------------------------- 0:00:01
[INFO] Sin jobs pendientes. Esperando...
⠼ Polling n8n (executions)... ---------------------------------------- 0:00:01
[INFO] Sin jobs pendientes. Esperando...
⠹ Polling n8n (executions)... ---------------------------------------- 0:00:01
[INFO] Sin jobs pendientes. Esperando...
⠼ Polling n8n (executions)... ---------------------------------------- 0:00:01
[INFO] Sin jobs pendientes. Esperando...
⠸ Polling n8n (executions)... ---------------------------------------- 0:00:01
[INFO] Sin jobs pendientes. Esperando...
⠼ Polling n8n (executions)... ---------------------------------------- 0:00:01
[INFO] Sin jobs pendientes. Esperando...
⠸ Polling n8n (executions)... ---------------------------------------- 0:00:01
[INFO] Sin jobs pendientes. Esperando...
⠸ Polling n8n (executions)... ---------------------------------------- 0:00:01
[INFO] Sin jobs pendientes. Esperando...
⠹ Polling n8n (executions)... ---------------------------------------- 0:00:01
[INFO] Sin jobs pendientes. Esperando...
⠹ Polling n8n (executions)... ---------------------------------------- 0:00:00
[INFO] Sin jobs pendientes. Esperando...
⠹ Polling n8n (executions)... ---------------------------------------- 0:00:01
[INFO] Sin jobs pendientes. Esperando...
⠦ Polling n8n (executions)... ---------------------------------------- 0:00:01
[INFO] Sin jobs pendientes. Esperando...
⠹ Polling n8n (executions)... ---------------------------------------- 0:00:01
[INFO] Sin jobs pendientes. Esperando...
⠇ Polling n8n (executions)... ---------------------------------------- 0:00:01
[INFO] Sin jobs pendientes. Esperando...
⠼ Polling n8n (executions)... ---------------------------------------- 0:00:01
[INFO] Sin jobs pendientes. Esperando...
⠼ Polling n8n (executions)... ---------------------------------------- 0:00:01
[INFO] Sin jobs pendientes. Esperando...
⠹ Polling n8n (executions)... ---------------------------------------- 0:00:00
[INFO] Sin jobs pendientes. Esperando...
⠼ Polling n8n (executions)... ---------------------------------------- 0:00:01
[INFO] Sin jobs pendientes. Esperando...
⠸ Polling n8n (executions)... ---------------------------------------- 0:00:01
[INFO] Sin jobs pendientes. Esperando...
⠸ Polling n8n (executions)... ---------------------------------------- 0:00:01
[INFO] Sin jobs pendientes. Esperando...
⠴ Polling n8n (executions)... ---------------------------------------- 0:00:01
[INFO] Sin jobs pendientes. Esperando...
⠼ Polling n8n (executions)... ---------------------------------------- 0:00:01
[INFO] Sin jobs pendientes. Esperando...
⠹ Polling n8n (executions)... ---------------------------------------- 0:00:00
[INFO] Sin jobs pendientes. Esperando...
⠦ Polling n8n (executions)... ---------------------------------------- 0:00:01
[INFO] Sin jobs pendientes. Esperando...
⠼ Polling n8n (executions)... ---------------------------------------- 0:00:01
[INFO] Sin jobs pendientes. Esperando...
⠼ Polling n8n (executions)... ---------------------------------------- 0:00:01
[INFO] Sin jobs pendientes. Esperando...
⠹ Polling n8n (executions)... ---------------------------------------- 0:00:00
[INFO] Sin jobs pendientes. Esperando...
⠼ Polling n8n (executions)... ---------------------------------------- 0:00:01
[INFO] Sin jobs pendientes. Esperando...
⠸ Polling n8n (executions)... ---------------------------------------- 0:00:01
[INFO] Sin jobs pendientes. Esperando...
⠹ Polling n8n (executions)... ---------------------------------------- 0:00:01
[INFO] Sin jobs pendientes. Esperando...
⠸ Polling n8n (executions)... ---------------------------------------- 0:00:01
[INFO] Sin jobs pendientes. Esperando...
⠸ Polling n8n (executions)... ---------------------------------------- 0:00:01
[INFO] Sin jobs pendientes. Esperando...
⠴ Polling n8n (executions)... ---------------------------------------- 0:00:01
[INFO] Sin jobs pendientes. Esperando...
⠹ Polling n8n (executions)... ---------------------------------------- 0:00:01
[INFO] Sin jobs pendientes. Esperando...
⠼ Polling n8n (executions)... ---------------------------------------- 0:00:01
[INFO] Sin jobs pendientes. Esperando...
⠸ Polling n8n (executions)... ---------------------------------------- 0:00:01
[INFO] Sin jobs pendientes. Esperando...
⠙ Polling n8n (executions)... ---------------------------------------- 0:00:00
[INFO] Sin jobs pendientes. Esperando...
⠸ Polling n8n (executions)... ---------------------------------------- 0:00:01
[INFO] Sin jobs pendientes. Esperando...
⠴ Polling n8n (executions)... ---------------------------------------- 0:00:01
[INFO] Sin jobs pendientes. Esperando...
⠼ Polling n8n (executions)... ---------------------------------------- 0:00:01
[INFO] Sin jobs pendientes. Esperando...
⠼ Polling n8n (executions)... ---------------------------------------- 0:00:01
[INFO] Sin jobs pendientes. Esperando...
⠹ Polling n8n (executions)... ---------------------------------------- 0:00:01
[INFO] Sin jobs pendientes. Esperando...
⠸ Polling n8n (executions)... ---------------------------------------- 0:00:01
[INFO] Sin jobs pendientes. Esperando...
⠴ Polling n8n (executions)... ---------------------------------------- 0:00:01
[INFO] Sin jobs pendientes. Esperando...
⠼ Polling n8n (executions)... ---------------------------------------- 0:00:01
[INFO] Sin jobs pendientes. Esperando...
⠹ Polling n8n (executions)... ---------------------------------------- 0:00:01
[INFO] Sin jobs pendientes. Esperando...
⠴ Polling n8n (executions)... ---------------------------------------- 0:00:01
[INFO] Sin jobs pendientes. Esperando...
⠹ Polling n8n (executions)... ---------------------------------------- 0:00:00
[INFO] Sin jobs pendientes. Esperando...
⠸ Polling n8n (executions)... ---------------------------------------- 0:00:01
[INFO] Sin jobs pendientes. Esperando...
⠏ Polling n8n (executions)... ---------------------------------------- 0:00:01
[INFO] Sin jobs pendientes. Esperando...
⠹ Polling n8n (executions)... ---------------------------------------- 0:00:00
[INFO] Sin jobs pendientes. Esperando...
⠼ Polling n8n (executions)... ---------------------------------------- 0:00:01
[INFO] Sin jobs pendientes. Esperando...
⠧ Polling n8n (executions)... ---------------------------------------- 0:00:01
[INFO] Sin jobs pendientes. Esperando...
⠸ Polling n8n (executions)... ---------------------------------------- 0:00:01
[INFO] Sin jobs pendientes. Esperando...
⠼ Polling n8n (executions)... ---------------------------------------- 0:00:01
[INFO] Sin jobs pendientes. Esperando...
⠙ Polling n8n (executions)... ---------------------------------------- 0:00:00
[INFO] Sin jobs pendientes. Esperando...
⠼ Polling n8n (executions)... ---------------------------------------- 0:00:01
[INFO] Sin jobs pendientes. Esperando...
⠸ Polling n8n (executions)... ---------------------------------------- 0:00:01
[INFO] Sin jobs pendientes. Esperando...
⠼ Polling n8n (executions)... ---------------------------------------- 0:00:01
[INFO] Sin jobs pendientes. Esperando...
⠸ Polling n8n (executions)... ---------------------------------------- 0:00:01
[INFO] Sin jobs pendientes. Esperando...
⠦ Polling n8n (executions)... ---------------------------------------- 0:00:01
[INFO] Sin jobs pendientes. Esperando...
⠸ Polling n8n (executions)... ---------------------------------------- 0:00:01
[INFO] Sin jobs pendientes. Esperando...
⠹ Polling n8n (executions)... ---------------------------------------- 0:00:01
[INFO] Sin jobs pendientes. Esperando...
⠹ Polling n8n (executions)... ---------------------------------------- 0:00:01
[INFO] Sin jobs pendientes. Esperando...
⠙ Polling n8n (executions)... ---------------------------------------- 0:00:00
[INFO] Sin jobs pendientes. Esperando...
⠸ Polling n8n (executions)... ---------------------------------------- 0:00:01
[INFO] Sin jobs pendientes. Esperando...
⠸ Polling n8n (executions)... ---------------------------------------- 0:00:01
[INFO] Sin jobs pendientes. Esperando...
⠹ Polling n8n (executions)... ---------------------------------------- 0:00:01
[INFO] Sin jobs pendientes. Esperando...
⠼ Polling n8n (executions)... ---------------------------------------- 0:00:01
[INFO] Sin jobs pendientes. Esperando...
⠸ Polling n8n (executions)... ---------------------------------------- 0:00:01
[INFO] Sin jobs pendientes. Esperando...
⠼ Polling n8n (executions)... ---------------------------------------- 0:00:01
[INFO] Sin jobs pendientes. Esperando...
⠧ Polling n8n (executions)... ---------------------------------------- 0:00:02
[OK] Job recibido: exec_88132 -> run_full_cycle
⠸ Ejecutando run_full_cycle... ---------------------------------------- 0:03:33
[OK] Job completado: exec_88132
⠴ Polling n8n (executions)... ---------------------------------------- 0:00:01
[INFO] Sin jobs pendientes. Esperando...
⠸ Polling n8n (executions)... ---------------------------------------- 0:00:01
[INFO] Sin jobs pendientes. Esperando...
